<?xml version="1.0" encoding="UTF-8"?>
<!-- Generated by org.testng.reporters.JUnitReportReporter -->
<testsuite hostname="pankajro-w10" name="com.project.demo.test.AuthTest" tests="1" failures="0" timestamp="9 Dec 2020 09:45:11 GMT" time="0.025" errors="0">
  <testcase name="InquiryTest" time="0.025" classname="com.project.demo.test.AuthTest"/>
</testsuite> <!-- com.project.demo.test.AuthTest -->
